<?xml version="1.0" encoding="UTF-8"?>
<!DOCTYPE struts-config PUBLIC
    "-//Apache Software Foundation//DTD Struts Configuration 1.2//EN"
    "http://struts.apache.org/dtds/struts-config_1_2.dtd">

<struts-config>

	<form-beans>

		<form-bean name="test_delete_user_form"
			type="org.apache.struts.action.DynaActionForm">
			<form-property name="user_id" type="int" initial="1" />
			<form-property name="type" type="String" initial="test_type" />
		</form-bean>

	</form-beans>


	<action-mappings>


	</action-mappings>

	<message-resources parameter="user.MessageResources" />

</struts-config>